# JRE version: OpenJDK Runtime Environment (8.0_112-b06) (build 1.8.0_112-release-b06)
# Java VM: OpenJDK 64-Bit Server VM (25.112-b06 mixed mode linux-amd64 compressed oops)
Heap:
 PSYoungGen      total 415232K, used 0K [0x00000000e0000000, 0x0000000100000000, 0x0000000100000000)
  eden space 309248K, 0% used [0x00000000e0000000,0x00000000e0000000,0x00000000f2e00000)
  from space 105984K, 0% used [0x00000000f9880000,0x00000000f9880000,0x0000000100000000)
  to   space 107520K, 0% used [0x00000000f2e00000,0x00000000f2e00000,0x00000000f9700000)
 ParOldGen       total 838144K, used 469604K [0x00000000a0000000, 0x00000000d3280000, 0x00000000e0000000)
  object space 838144K, 56% used [0x00000000a0000000,0x00000000bca99118,0x00000000d3280000)
 Metaspace       used 87109K, capacity 91372K, committed 95000K, reserved 1132544K
  class space    used 10740K, capacity 11358K, committed 12056K, reserved 1048576K
GC Heap History (10 events):
Event: 16594.907 GC heap after
Heap after GC invocations=525 (full 93):
 PSYoungGen      total 399360K, used 61588K [0x00000000e0000000, 0x00000000ff580000, 0x0000000100000000)
  eden space 299520K, 0% used [0x00000000e0000000,0x00000000e0000000,0x00000000f2480000)
  from space 99840K, 61% used [0x00000000f9400000,0x00000000fd0253b0,0x00000000ff580000)
  to   space 107008K, 0% used [0x00000000f2480000,0x00000000f2480000,0x00000000f8d00000)
 ParOldGen       total 838144K, used 543961K [0x00000000a0000000, 0x00000000d3280000, 0x00000000e0000000)
  object space 838144K, 64% used [0x00000000a0000000,0x00000000c1336598,0x00000000d3280000)
 Metaspace       used 87442K, capacity 91920K, committed 95000K, reserved 1132544K
  class space    used 10792K, capacity 11453K, committed 12056K, reserved 1048576K
}
Event: 16595.149 GC heap before
{Heap before GC invocations=526 (full 93):
 PSYoungGen      total 399360K, used 361108K [0x00000000e0000000, 0x00000000ff580000, 0x0000000100000000)
  eden space 299520K, 100% used [0x00000000e0000000,0x00000000f2480000,0x00000000f2480000)
  from space 99840K, 61% used [0x00000000f9400000,0x00000000fd0253b0,0x00000000ff580000)
  to   space 107008K, 0% used [0x00000000f2480000,0x00000000f2480000,0x00000000f8d00000)
 ParOldGen       total 838144K, used 543961K [0x00000000a0000000, 0x00000000d3280000, 0x00000000e0000000)
  object space 838144K, 64% used [0x00000000a0000000,0x00000000c13365b0,0x00000000d3280000)
 Metaspace       used 87442K, capacity 91920K, committed 95000K, reserved 1132544K
  class space    used 10792K, capacity 11453K, committed 12056K, reserved 1048576K
Event: 16595.237 GC heap after
Heap after GC invocations=526 (full 93):
 PSYoungGen      total 406528K, used 69492K [0x00000000e0000000, 0x0000000100000000, 0x0000000100000000)
  eden space 299520K, 0% used [0x00000000e0000000,0x00000000e0000000,0x00000000f2480000)
  from space 107008K, 64% used [0x00000000f2480000,0x00000000f685d298,0x00000000f8d00000)
  to   space 106496K, 0% used [0x00000000f9800000,0x00000000f9800000,0x0000000100000000)
 ParOldGen       total 838144K, used 599015K [0x00000000a0000000, 0x00000000d3280000, 0x00000000e0000000)
  object space 838144K, 71% used [0x00000000a0000000,0x00000000c48f9f28,0x00000000d3280000)
 Metaspace       used 87442K, capacity 91920K, committed 95000K, reserved 1132544K
  class space    used 10792K, capacity 11453K, committed 12056K, reserved 1048576K
}
Event: 16595.496 GC heap before
{Heap before GC invocations=527 (full 93):
 PSYoungGen      total 406528K, used 369012K [0x00000000e0000000, 0x0000000100000000, 0x0000000100000000)
  eden space 299520K, 100% used [0x00000000e0000000,0x00000000f2480000,0x00000000f2480000)
  from space 107008K, 64% used [0x00000000f2480000,0x00000000f685d298,0x00000000f8d00000)
  to   space 106496K, 0% used [0x00000000f9800000,0x00000000f9800000,0x0000000100000000)
 ParOldGen       total 838144K, used 599435K [0x00000000a0000000, 0x00000000d3280000, 0x00000000e0000000)
  object space 838144K, 71% used [0x00000000a0000000,0x00000000c4962d38,0x00000000d3280000)
 Metaspace       used 87442K, capacity 91920K, committed 95000K, reserved 1132544K
  class space    used 10792K, capacity 11453K, committed 12056K, reserved 1048576K
Event: 16595.585 GC heap after
Heap after GC invocations=527 (full 93):
 PSYoungGen      total 414720K, used 68187K [0x00000000e0000000, 0x00000000ffd80000, 0x0000000100000000)
  eden space 310784K, 0% used [0x00000000e0000000,0x00000000e0000000,0x00000000f2f80000)
  from space 103936K, 65% used [0x00000000f9800000,0x00000000fda96d48,0x00000000ffd80000)
  to   space 105472K, 0% used [0x00000000f2f80000,0x00000000f2f80000,0x00000000f9680000)
 ParOldGen       total 838144K, used 662134K [0x00000000a0000000, 0x00000000d3280000, 0x00000000e0000000)
  object space 838144K, 79% used [0x00000000a0000000,0x00000000c869d958,0x00000000d3280000)
 Metaspace       used 87442K, capacity 91920K, committed 95000K, reserved 1132544K
  class space    used 10792K, capacity 11453K, committed 12056K, reserved 1048576K
}
Event: 16595.837 GC heap before
{Heap before GC invocations=528 (full 93):
 PSYoungGen      total 414720K, used 378971K [0x00000000e0000000, 0x00000000ffd80000, 0x0000000100000000)
  eden space 310784K, 100% used [0x00000000e0000000,0x00000000f2f80000,0x00000000f2f80000)
  from space 103936K, 65% used [0x00000000f9800000,0x00000000fda96d48,0x00000000ffd80000)
  to   space 105472K, 0% used [0x00000000f2f80000,0x00000000f2f80000,0x00000000f9680000)
 ParOldGen       total 838144K, used 662135K [0x00000000a0000000, 0x00000000d3280000, 0x00000000e0000000)
  object space 838144K, 79% used [0x00000000a0000000,0x00000000c869df48,0x00000000d3280000)
 Metaspace       used 87442K, capacity 91920K, committed 95000K, reserved 1132544K
  class space    used 10792K, capacity 11453K, committed 12056K, reserved 1048576K
Event: 16595.933 GC heap after
Heap after GC invocations=528 (full 93):
 PSYoungGen      total 416256K, used 73972K [0x00000000e0000000, 0x0000000100000000, 0x0000000100000000)
  eden space 310784K, 0% used [0x00000000e0000000,0x00000000e0000000,0x00000000f2f80000)
  from space 105472K, 70% used [0x00000000f2f80000,0x00000000f77bd398,0x00000000f9680000)
  to   space 105984K, 0% used [0x00000000f9880000,0x00000000f9880000,0x0000000100000000)
 ParOldGen       total 838144K, used 723320K [0x00000000a0000000, 0x00000000d3280000, 0x00000000e0000000)
  object space 838144K, 86% used [0x00000000a0000000,0x00000000cc25e200,0x00000000d3280000)
 Metaspace       used 87442K, capacity 91920K, committed 95000K, reserved 1132544K
  class space    used 10792K, capacity 11453K, committed 12056K, reserved 1048576K
}
Event: 16596.206 GC heap before
{Heap before GC invocations=529 (full 93):
 PSYoungGen      total 416256K, used 384756K [0x00000000e0000000, 0x0000000100000000, 0x0000000100000000)
  eden space 310784K, 100% used [0x00000000e0000000,0x00000000f2f80000,0x00000000f2f80000)
  from space 105472K, 70% used [0x00000000f2f80000,0x00000000f77bd398,0x00000000f9680000)
  to   space 105984K, 0% used [0x00000000f9880000,0x00000000f9880000,0x0000000100000000)
 ParOldGen       total 838144K, used 723320K [0x00000000a0000000, 0x00000000d3280000, 0x00000000e0000000)
  object space 838144K, 86% used [0x00000000a0000000,0x00000000cc25e200,0x00000000d3280000)
 Metaspace       used 87442K, capacity 91920K, committed 95000K, reserved 1132544K
  class space    used 10792K, capacity 11453K, committed 12056K, reserved 1048576K
Event: 16596.308 GC heap after
Heap after GC invocations=529 (full 93):
 PSYoungGen      total 415232K, used 77476K [0x00000000e0000000, 0x0000000100000000, 0x0000000100000000)
  eden space 309248K, 0% used [0x00000000e0000000,0x00000000e0000000,0x00000000f2e00000)
  from space 105984K, 73% used [0x00000000f9880000,0x00000000fe429088,0x0000000100000000)
  to   space 107520K, 0% used [0x00000000f2e00000,0x00000000f2e00000,0x00000000f9700000)
 ParOldGen       total 838144K, used 789856K [0x00000000a0000000, 0x00000000d3280000, 0x00000000e0000000)
  object space 838144K, 94% used [0x00000000a0000000,0x00000000d0358240,0x00000000d3280000)
 Metaspace       used 87442K, capacity 91920K, committed 95000K, reserved 1132544K
  class space    used 10792K, capacity 11453K, committed 12056K, reserved 1048576K
}
Event: 16596.308 GC heap before
{Heap before GC invocations=530 (full 94):
 PSYoungGen      total 415232K, used 77476K [0x00000000e0000000, 0x0000000100000000, 0x0000000100000000)
  eden space 309248K, 0% used [0x00000000e0000000,0x00000000e0000000,0x00000000f2e00000)
  from space 105984K, 73% used [0x00000000f9880000,0x00000000fe429088,0x0000000100000000)
  to   space 107520K, 0% used [0x00000000f2e00000,0x00000000f2e00000,0x00000000f9700000)
 ParOldGen       total 838144K, used 789856K [0x00000000a0000000, 0x00000000d3280000, 0x00000000e0000000)
  object space 838144K, 94% used [0x00000000a0000000,0x00000000d0358240,0x00000000d3280000)
 Metaspace       used 87442K, capacity 91920K, committed 95000K, reserved 1132544K
  class space    used 10792K, capacity 11453K, committed 12056K, reserved 1048576K

